<?xml version="1.0" encoding="UTF-8"?>
<!-- Generated by org.testng.reporters.JUnitXMLReporter -->
<testsuite ignored="6" hostname="PE-HO-452" failures="0" tests="1" name="Default test" time="78.966" errors="0" timestamp="2023-04-27T14:52:06 COT">
  <testcase classname="RunPruebas.RunPrincipal" name="CasoDePrueba677025" time="77.342"/>
  <testcase classname="RunPruebas.RunPrincipal" name="CasoDePrueba695181" time="0.0">
    <ignored/>
  </testcase> <!-- CasoDePrueba695181 -->
  <testcase classname="RunPruebas.RunPrincipal" name="CasoDePrueba675452" time="0.0">
    <ignored/>
  </testcase> <!-- CasoDePrueba675452 -->
  <testcase classname="RunPruebas.RunPrincipal" name="CasoDePrueba673853" time="0.0">
    <ignored/>
  </testcase> <!-- CasoDePrueba673853 -->
  <testcase classname="RunPruebas.RunPrincipal" name="CasoDePrueba675449" time="0.0">
    <ignored/>
  </testcase> <!-- CasoDePrueba675449 -->
  <testcase classname="RunPruebas.RunPrincipal" name="CasoDePrueba673854" time="0.0">
    <ignored/>
  </testcase> <!-- CasoDePrueba673854 -->
  <testcase classname="RunPruebas.RunPrincipal" name="CasoDePrueba675450" time="0.0">
    <ignored/>
  </testcase> <!-- CasoDePrueba675450 -->
</testsuite> <!-- Default test -->
