<?xml version="1.0" encoding="UTF-8"?>
<testng-results ignored="6" total="7" passed="1" failed="0" skipped="0">
  <reporter-output>
  </reporter-output>
  <suite started-at="2023-04-27T14:50:47 COT" name="Default suite" finished-at="2023-04-27T14:52:06 COT" duration-ms="78966">
    <groups>
    </groups>
    <test started-at="2023-04-27T14:50:47 COT" name="Default test" finished-at="2023-04-27T14:52:06 COT" duration-ms="78966">
      <class name="RunPruebas.RunPrincipal">
        <test-method is-config="true" signature="beforeClass()[pri:0, instance:RunPruebas.RunPrincipal@6963b88c]" started-at="2023-04-27T14:50:48 COT" name="beforeClass" finished-at="2023-04-27T14:50:48 COT" duration-ms="152" status="PASS">
          <reporter-output>
          </reporter-output>
        </test-method> <!-- beforeClass -->
        <test-method signature="CasoDePrueba677025(java.lang.String,java.lang.String,java.lang.String,java.lang.String,java.lang.String,java.lang.String,java.lang.String,java.lang.String,java.lang.String,java.lang.String,java.lang.String,java.lang.String,java.lang.String)[pri:1, instance:RunPruebas.RunPrincipal@6963b88c]" started-at="2023-04-27T14:50:48 COT" name="CasoDePrueba677025" data-provider="hu4" finished-at="2023-04-27T14:52:06 COT" duration-ms="77342" status="PASS">
          <params>
            <param index="0">
              <value>
                <![CDATA[SP3-HU4-CP]]>
              </value>
            </param>
            <param index="1">
              <value>
                <![CDATA[677025]]>
              </value>
            </param>
            <param index="2">
              <value>
                <![CDATA[SI]]>
              </value>
            </param>
            <param index="3">
              <value>
                <![CDATA[Aulas Amigas]]>
              </value>
            </param>
            <param index="4">
              <value>
                <![CDATA[1000]]>
              </value>
            </param>
            <param index="5">
              <value>
                <![CDATA[Prueba QA]]>
              </value>
            </param>
            <param index="6">
              <value>
                <![CDATA[1001181923]]>
              </value>
            </param>
            <param index="7">
              <value>
                <![CDATA[Andres Parra]]>
              </value>
            </param>
            <param index="8">
              <value>
                <![CDATA[pruebas123@gmail.com]]>
              </value>
            </param>
            <param index="9">
              <value>
                <![CDATA[pruebas123@gmail.com]]>
              </value>
            </param>
            <param index="10">
              <value>
                <![CDATA[3202510406]]>
              </value>
            </param>
            <param index="11">
              <value>
                <![CDATA[3202510406]]>
              </value>
            </param>
            <param index="12">
              <value>
                <![CDATA[dianaromero26@hotmail.com]]>
              </value>
            </param>
          </params>
          <reporter-output>
          </reporter-output>
        </test-method> <!-- CasoDePrueba677025 -->
        <test-method is-config="true" signature="afterClass()[pri:0, instance:RunPruebas.RunPrincipal@6963b88c]" started-at="2023-04-27T14:52:06 COT" name="afterClass" finished-at="2023-04-27T14:52:06 COT" duration-ms="236" status="PASS">
          <reporter-output>
          </reporter-output>
        </test-method> <!-- afterClass -->
      </class> <!-- RunPruebas.RunPrincipal -->
    </test> <!-- Default test -->
  </suite> <!-- Default suite -->
</testng-results>
